mode: set
github.com/zx06/xsql/cmd/xsql/config.go:12.56,22.2 4 1
github.com/zx06/xsql/cmd/xsql/config.go:25.60,31.55 2 1
github.com/zx06/xsql/cmd/xsql/config.go:31.55,33.18 2 1
github.com/zx06/xsql/cmd/xsql/config.go:33.18,35.5 1 0
github.com/zx06/xsql/cmd/xsql/config.go:37.4,38.17 2 1
github.com/zx06/xsql/cmd/xsql/config.go:38.17,40.5 1 1
github.com/zx06/xsql/cmd/xsql/config.go:42.4,44.6 1 1
github.com/zx06/xsql/cmd/xsql/config.go:48.2,50.12 2 1
github.com/zx06/xsql/cmd/xsql/config.go:54.59,59.55 1 1
github.com/zx06/xsql/cmd/xsql/config.go:59.55,63.18 3 1
github.com/zx06/xsql/cmd/xsql/config.go:63.18,65.5 1 0
github.com/zx06/xsql/cmd/xsql/config.go:67.4,70.21 2 1
github.com/zx06/xsql/cmd/xsql/config.go:70.21,72.5 1 0
github.com/zx06/xsql/cmd/xsql/config.go:74.4,74.67 1 1
github.com/zx06/xsql/cmd/xsql/config.go:74.67,76.5 1 1
github.com/zx06/xsql/cmd/xsql/config.go:78.4,82.6 1 1
github.com/zx06/xsql/cmd/xsql/helpers.go:13.57,15.24 2 1
github.com/zx06/xsql/cmd/xsql/helpers.go:15.24,17.3 1 1
github.com/zx06/xsql/cmd/xsql/helpers.go:18.2,18.28 1 1
github.com/zx06/xsql/cmd/xsql/helpers.go:22.52,24.24 2 1
github.com/zx06/xsql/cmd/xsql/helpers.go:24.24,26.3 1 1
github.com/zx06/xsql/cmd/xsql/helpers.go:27.2,27.23 1 1
github.com/zx06/xsql/cmd/xsql/helpers.go:31.49,32.28 1 1
github.com/zx06/xsql/cmd/xsql/helpers.go:32.28,34.3 1 1
github.com/zx06/xsql/cmd/xsql/helpers.go:35.2,35.42 1 1
github.com/zx06/xsql/cmd/xsql/helpers.go:35.42,37.3 1 0
github.com/zx06/xsql/cmd/xsql/helpers.go:38.2,38.26 1 1
github.com/zx06/xsql/cmd/xsql/helpers.go:42.45,43.34 1 1
github.com/zx06/xsql/cmd/xsql/helpers.go:43.34,45.3 1 1
github.com/zx06/xsql/cmd/xsql/helpers.go:47.2,47.64 1 1
github.com/zx06/xsql/cmd/xsql/main.go:11.13,14.2 2 0
github.com/zx06/xsql/cmd/xsql/main.go:17.16,38.39 14 1
github.com/zx06/xsql/cmd/xsql/main.go:38.39,43.3 4 1
github.com/zx06/xsql/cmd/xsql/main.go:45.2,45.27 1 1
github.com/zx06/xsql/cmd/xsql/mcp.go:22.77,24.2 1 0
github.com/zx06/xsql/cmd/xsql/mcp.go:27.37,36.2 3 1
github.com/zx06/xsql/cmd/xsql/mcp.go:39.43,44.55 2 1
github.com/zx06/xsql/cmd/xsql/mcp.go:44.55,49.4 4 1
github.com/zx06/xsql/cmd/xsql/mcp.go:51.2,54.12 4 1
github.com/zx06/xsql/cmd/xsql/mcp.go:58.49,63.15 2 1
github.com/zx06/xsql/cmd/xsql/mcp.go:63.15,65.3 1 1
github.com/zx06/xsql/cmd/xsql/mcp.go:68.2,69.16 2 1
github.com/zx06/xsql/cmd/xsql/mcp.go:69.16,71.41 1 0
github.com/zx06/xsql/cmd/xsql/mcp.go:71.41,73.4 1 0
github.com/zx06/xsql/cmd/xsql/mcp.go:74.3,74.83 1 0
github.com/zx06/xsql/cmd/xsql/mcp.go:77.2,78.15 2 1
github.com/zx06/xsql/cmd/xsql/mcp.go:78.15,80.3 1 0
github.com/zx06/xsql/cmd/xsql/mcp.go:82.2,82.28 1 1
github.com/zx06/xsql/cmd/xsql/mcp.go:83.30,90.13 5 1
github.com/zx06/xsql/cmd/xsql/mcp.go:90.13,94.4 3 1
github.com/zx06/xsql/cmd/xsql/mcp.go:96.3,96.96 1 1
github.com/zx06/xsql/cmd/xsql/mcp.go:96.96,98.4 1 1
github.com/zx06/xsql/cmd/xsql/mcp.go:99.3,99.13 1 1
github.com/zx06/xsql/cmd/xsql/mcp.go:100.39,102.17 2 0
github.com/zx06/xsql/cmd/xsql/mcp.go:102.17,103.42 1 0
github.com/zx06/xsql/cmd/xsql/mcp.go:103.42,105.5 1 0
github.com/zx06/xsql/cmd/xsql/mcp.go:106.4,106.97 1 0
github.com/zx06/xsql/cmd/xsql/mcp.go:108.3,119.13 4 0
github.com/zx06/xsql/cmd/xsql/mcp.go:119.13,124.67 5 0
github.com/zx06/xsql/cmd/xsql/mcp.go:124.67,126.5 1 0
github.com/zx06/xsql/cmd/xsql/mcp.go:129.3,129.102 1 0
github.com/zx06/xsql/cmd/xsql/mcp.go:129.102,131.4 1 0
github.com/zx06/xsql/cmd/xsql/mcp.go:132.3,132.13 1 0
github.com/zx06/xsql/cmd/xsql/mcp.go:133.10,134.121 1 0
github.com/zx06/xsql/cmd/xsql/mcp.go:153.107,154.17 1 1
github.com/zx06/xsql/cmd/xsql/mcp.go:154.17,156.3 1 1
github.com/zx06/xsql/cmd/xsql/mcp.go:158.2,163.21 2 1
github.com/zx06/xsql/cmd/xsql/mcp.go:163.21,165.3 1 1
github.com/zx06/xsql/cmd/xsql/mcp.go:166.2,166.89 1 1
github.com/zx06/xsql/cmd/xsql/mcp.go:166.89,168.3 1 1
github.com/zx06/xsql/cmd/xsql/mcp.go:170.2,175.20 2 1
github.com/zx06/xsql/cmd/xsql/mcp.go:175.20,177.3 1 1
github.com/zx06/xsql/cmd/xsql/mcp.go:179.2,183.53 2 1
github.com/zx06/xsql/cmd/xsql/mcp.go:183.53,187.16 2 1
github.com/zx06/xsql/cmd/xsql/mcp.go:187.16,189.4 1 1
github.com/zx06/xsql/cmd/xsql/mcp.go:190.3,190.26 1 1
github.com/zx06/xsql/cmd/xsql/mcp.go:193.2,193.69 1 1
github.com/zx06/xsql/cmd/xsql/mcp.go:193.69,195.3 1 1
github.com/zx06/xsql/cmd/xsql/mcp.go:197.2,201.8 1 1
github.com/zx06/xsql/cmd/xsql/mcp.go:204.48,205.10 1 1
github.com/zx06/xsql/cmd/xsql/mcp.go:205.10,207.3 1 1
github.com/zx06/xsql/cmd/xsql/mcp.go:208.2,208.14 1 1
github.com/zx06/xsql/cmd/xsql/mcp.go:211.45,212.31 1 1
github.com/zx06/xsql/cmd/xsql/mcp.go:212.31,213.18 1 1
github.com/zx06/xsql/cmd/xsql/mcp.go:213.18,215.4 1 1
github.com/zx06/xsql/cmd/xsql/mcp.go:217.2,217.11 1 1
github.com/zx06/xsql/cmd/xsql/profile.go:12.57,22.2 4 1
github.com/zx06/xsql/cmd/xsql/profile.go:25.61,29.55 1 1
github.com/zx06/xsql/cmd/xsql/profile.go:29.55,31.18 2 1
github.com/zx06/xsql/cmd/xsql/profile.go:31.18,33.5 1 0
github.com/zx06/xsql/cmd/xsql/profile.go:35.4,38.17 2 1
github.com/zx06/xsql/cmd/xsql/profile.go:38.17,40.5 1 0
github.com/zx06/xsql/cmd/xsql/profile.go:42.4,42.36 1 1
github.com/zx06/xsql/cmd/xsql/profile.go:48.61,53.55 1 1
github.com/zx06/xsql/cmd/xsql/profile.go:53.55,56.18 3 1
github.com/zx06/xsql/cmd/xsql/profile.go:56.18,58.5 1 0
github.com/zx06/xsql/cmd/xsql/profile.go:60.4,63.17 2 1
github.com/zx06/xsql/cmd/xsql/profile.go:63.17,65.5 1 1
github.com/zx06/xsql/cmd/xsql/profile.go:67.4,67.36 1 1
github.com/zx06/xsql/cmd/xsql/proxy.go:32.55,38.55 2 1
github.com/zx06/xsql/cmd/xsql/proxy.go:38.55,40.4 1 0
github.com/zx06/xsql/cmd/xsql/proxy.go:43.2,48.12 5 1
github.com/zx06/xsql/cmd/xsql/proxy.go:54.112,55.53 1 1
github.com/zx06/xsql/cmd/xsql/proxy.go:55.53,57.3 1 1
github.com/zx06/xsql/cmd/xsql/proxy.go:58.2,58.26 1 1
github.com/zx06/xsql/cmd/xsql/proxy.go:58.26,60.3 1 1
github.com/zx06/xsql/cmd/xsql/proxy.go:61.2,61.17 1 1
github.com/zx06/xsql/cmd/xsql/proxy.go:67.70,68.42 1 0
github.com/zx06/xsql/cmd/xsql/proxy.go:68.42,71.3 1 0
github.com/zx06/xsql/cmd/xsql/proxy.go:73.2,82.15 8 0
github.com/zx06/xsql/cmd/xsql/proxy.go:83.15,84.16 1 0
github.com/zx06/xsql/cmd/xsql/proxy.go:85.11,87.33 1 0
github.com/zx06/xsql/cmd/xsql/proxy.go:88.10,90.33 1 0
github.com/zx06/xsql/cmd/xsql/proxy.go:95.78,96.35 1 1
github.com/zx06/xsql/cmd/xsql/proxy.go:96.35,98.3 1 1
github.com/zx06/xsql/cmd/xsql/proxy.go:99.2,101.16 3 1
github.com/zx06/xsql/cmd/xsql/proxy.go:101.16,103.3 1 0
github.com/zx06/xsql/cmd/xsql/proxy.go:105.2,106.16 2 1
github.com/zx06/xsql/cmd/xsql/proxy.go:106.16,108.3 1 1
github.com/zx06/xsql/cmd/xsql/proxy.go:110.2,110.24 1 1
github.com/zx06/xsql/cmd/xsql/proxy.go:110.24,112.3 1 1
github.com/zx06/xsql/cmd/xsql/proxy.go:115.2,118.73 2 1
github.com/zx06/xsql/cmd/xsql/proxy.go:118.73,119.17 1 0
github.com/zx06/xsql/cmd/xsql/proxy.go:119.17,122.17 2 0
github.com/zx06/xsql/cmd/xsql/proxy.go:122.17,124.5 1 0
github.com/zx06/xsql/cmd/xsql/proxy.go:125.4,125.23 1 0
github.com/zx06/xsql/cmd/xsql/proxy.go:130.2,136.42 4 1
github.com/zx06/xsql/cmd/xsql/proxy.go:136.42,137.21 1 0
github.com/zx06/xsql/cmd/xsql/proxy.go:138.31,139.62 1 0
github.com/zx06/xsql/cmd/xsql/proxy.go:140.31,141.55 1 0
github.com/zx06/xsql/cmd/xsql/proxy.go:142.30,143.54 1 0
github.com/zx06/xsql/cmd/xsql/proxy.go:144.34,145.66 1 0
github.com/zx06/xsql/cmd/xsql/proxy.go:149.2,150.15 2 1
github.com/zx06/xsql/cmd/xsql/proxy.go:150.15,152.3 1 1
github.com/zx06/xsql/cmd/xsql/proxy.go:153.2,153.15 1 0
github.com/zx06/xsql/cmd/xsql/proxy.go:153.15,154.46 1 0
github.com/zx06/xsql/cmd/xsql/proxy.go:154.46,156.4 1 0
github.com/zx06/xsql/cmd/xsql/proxy.go:159.2,168.15 3 0
github.com/zx06/xsql/cmd/xsql/proxy.go:168.15,170.3 1 0
github.com/zx06/xsql/cmd/xsql/proxy.go:171.2,171.15 1 0
github.com/zx06/xsql/cmd/xsql/proxy.go:171.15,171.32 1 0
github.com/zx06/xsql/cmd/xsql/proxy.go:173.2,173.34 1 0
github.com/zx06/xsql/cmd/xsql/proxy.go:173.34,179.3 5 0
github.com/zx06/xsql/cmd/xsql/proxy.go:179.8,187.3 2 0
github.com/zx06/xsql/cmd/xsql/proxy.go:189.2,195.12 5 0
github.com/zx06/xsql/cmd/xsql/query.go:25.55,32.55 2 1
github.com/zx06/xsql/cmd/xsql/query.go:32.55,35.4 2 0
github.com/zx06/xsql/cmd/xsql/query.go:38.2,43.12 5 1
github.com/zx06/xsql/cmd/xsql/query.go:47.93,50.16 3 1
github.com/zx06/xsql/cmd/xsql/query.go:50.16,52.3 1 1
github.com/zx06/xsql/cmd/xsql/query.go:54.2,66.15 6 1
github.com/zx06/xsql/cmd/xsql/query.go:66.15,68.3 1 1
github.com/zx06/xsql/cmd/xsql/query.go:70.2,70.34 1 0
github.com/zx06/xsql/cmd/xsql/root.go:31.38,36.68 1 1
github.com/zx06/xsql/cmd/xsql/root.go:36.68,41.49 4 1
github.com/zx06/xsql/cmd/xsql/root.go:41.49,43.5 1 0
github.com/zx06/xsql/cmd/xsql/root.go:45.4,56.17 2 1
github.com/zx06/xsql/cmd/xsql/root.go:56.17,58.5 1 0
github.com/zx06/xsql/cmd/xsql/root.go:59.4,62.14 4 1
github.com/zx06/xsql/cmd/xsql/root.go:66.2,70.13 4 1
github.com/zx06/xsql/cmd/xsql/schema.go:26.56,38.2 4 1
github.com/zx06/xsql/cmd/xsql/schema.go:41.80,45.55 1 1
github.com/zx06/xsql/cmd/xsql/schema.go:45.55,48.4 2 0
github.com/zx06/xsql/cmd/xsql/schema.go:51.2,57.12 6 1
github.com/zx06/xsql/cmd/xsql/schema.go:61.99,63.16 2 1
github.com/zx06/xsql/cmd/xsql/schema.go:63.16,65.3 1 1
github.com/zx06/xsql/cmd/xsql/schema.go:67.2,79.15 6 1
github.com/zx06/xsql/cmd/xsql/schema.go:79.15,81.3 1 1
github.com/zx06/xsql/cmd/xsql/schema.go:83.2,83.34 1 0
github.com/zx06/xsql/cmd/xsql/spec.go:11.66,15.55 1 1
github.com/zx06/xsql/cmd/xsql/spec.go:15.55,17.18 2 1
github.com/zx06/xsql/cmd/xsql/spec.go:17.18,19.5 1 1
github.com/zx06/xsql/cmd/xsql/spec.go:20.4,20.43 1 1
github.com/zx06/xsql/cmd/xsql/version.go:11.69,15.55 1 1
github.com/zx06/xsql/cmd/xsql/version.go:15.55,17.18 2 1
github.com/zx06/xsql/cmd/xsql/version.go:17.18,19.5 1 0
github.com/zx06/xsql/cmd/xsql/version.go:20.4,20.45 1 1
github.com/zx06/xsql/cmd/xsql/web.go:44.55,46.2 1 1
github.com/zx06/xsql/cmd/xsql/web.go:49.53,51.2 1 1
github.com/zx06/xsql/cmd/xsql/web.go:53.96,58.55 2 1
github.com/zx06/xsql/cmd/xsql/web.go:58.55,62.4 3 0
github.com/zx06/xsql/cmd/xsql/web.go:64.2,68.12 5 1
github.com/zx06/xsql/cmd/xsql/web.go:72.69,76.15 2 1
github.com/zx06/xsql/cmd/xsql/web.go:76.15,78.3 1 1
github.com/zx06/xsql/cmd/xsql/web.go:80.2,81.15 2 1
github.com/zx06/xsql/cmd/xsql/web.go:81.15,83.3 1 0
github.com/zx06/xsql/cmd/xsql/web.go:85.2,86.16 2 1
github.com/zx06/xsql/cmd/xsql/web.go:86.16,87.62 1 1
github.com/zx06/xsql/cmd/xsql/web.go:87.62,89.4 1 1
github.com/zx06/xsql/cmd/xsql/web.go:90.3,90.121 1 0
github.com/zx06/xsql/cmd/xsql/web.go:92.2,92.15 1 0
github.com/zx06/xsql/cmd/xsql/web.go:92.15,94.3 1 0
github.com/zx06/xsql/cmd/xsql/web.go:96.2,108.16 5 0
github.com/zx06/xsql/cmd/xsql/web.go:108.16,110.3 1 0
github.com/zx06/xsql/cmd/xsql/web.go:111.2,116.17 1 0
github.com/zx06/xsql/cmd/xsql/web.go:116.17,118.3 1 0
github.com/zx06/xsql/cmd/xsql/web.go:120.2,120.22 1 0
github.com/zx06/xsql/cmd/xsql/web.go:120.22,121.42 1 0
github.com/zx06/xsql/cmd/xsql/web.go:121.42,123.4 1 0
github.com/zx06/xsql/cmd/xsql/web.go:126.2,126.44 1 0
github.com/zx06/xsql/cmd/xsql/web.go:131.63,133.12 2 0
github.com/zx06/xsql/cmd/xsql/web.go:133.12,135.3 1 0
github.com/zx06/xsql/cmd/xsql/web.go:137.2,141.9 4 0
github.com/zx06/xsql/cmd/xsql/web.go:142.24,146.62 4 0
github.com/zx06/xsql/cmd/xsql/web.go:146.62,148.4 1 0
github.com/zx06/xsql/cmd/xsql/web.go:149.3,149.13 1 0
github.com/zx06/xsql/cmd/xsql/web.go:150.22,151.48 1 0
github.com/zx06/xsql/cmd/xsql/web.go:151.48,153.4 1 0
github.com/zx06/xsql/cmd/xsql/web.go:154.3,154.87 1 0
github.com/zx06/xsql/cmd/xsql/web.go:158.103,159.17 1 1
github.com/zx06/xsql/cmd/xsql/web.go:159.17,161.3 1 1
github.com/zx06/xsql/cmd/xsql/web.go:163.2,168.16 2 1
github.com/zx06/xsql/cmd/xsql/web.go:168.16,170.3 1 1
github.com/zx06/xsql/cmd/xsql/web.go:171.2,171.54 1 1
github.com/zx06/xsql/cmd/xsql/web.go:171.54,173.3 1 1
github.com/zx06/xsql/cmd/xsql/web.go:175.2,179.53 2 1
github.com/zx06/xsql/cmd/xsql/web.go:179.53,183.16 2 1
github.com/zx06/xsql/cmd/xsql/web.go:183.16,185.4 1 1
github.com/zx06/xsql/cmd/xsql/web.go:186.3,186.26 1 1
github.com/zx06/xsql/cmd/xsql/web.go:189.2,190.37 2 1
github.com/zx06/xsql/cmd/xsql/web.go:190.37,192.3 1 1
github.com/zx06/xsql/cmd/xsql/web.go:194.2,198.8 1 1
github.com/zx06/xsql/cmd/xsql/web.go:201.42,202.10 1 1
github.com/zx06/xsql/cmd/xsql/web.go:202.10,204.3 1 1
github.com/zx06/xsql/cmd/xsql/web.go:205.2,205.16 1 1
github.com/zx06/xsql/cmd/xsql/web.go:213.43,215.22 2 1
github.com/zx06/xsql/cmd/xsql/web.go:216.16,217.34 1 0
github.com/zx06/xsql/cmd/xsql/web.go:218.17,219.69 1 0
github.com/zx06/xsql/cmd/xsql/web.go:220.10,221.38 1 1
github.com/zx06/xsql/cmd/xsql/web.go:223.2,223.20 1 1
