mode: atomic
github.com/zx06/xsql/internal/config/load.go:12.59,14.19 2 22
github.com/zx06/xsql/internal/config/load.go:14.19,16.3 1 22
github.com/zx06/xsql/internal/config/load.go:17.2,17.19 1 22
github.com/zx06/xsql/internal/config/load.go:17.19,19.3 1 22
github.com/zx06/xsql/internal/config/load.go:20.2,20.14 1 22
github.com/zx06/xsql/internal/config/load.go:23.51,25.16 2 63
github.com/zx06/xsql/internal/config/load.go:25.16,26.25 1 7
github.com/zx06/xsql/internal/config/load.go:26.25,28.4 1 7
github.com/zx06/xsql/internal/config/load.go:29.3,29.117 1 0
github.com/zx06/xsql/internal/config/load.go:31.2,32.46 2 56
github.com/zx06/xsql/internal/config/load.go:32.46,34.3 1 1
github.com/zx06/xsql/internal/config/load.go:35.2,35.23 1 55
github.com/zx06/xsql/internal/config/load.go:35.23,37.3 1 0
github.com/zx06/xsql/internal/config/load.go:38.2,38.25 1 55
github.com/zx06/xsql/internal/config/load.go:38.25,40.3 1 16
github.com/zx06/xsql/internal/config/load.go:41.2,41.15 1 55
github.com/zx06/xsql/internal/config/load.go:45.62,47.19 2 11
github.com/zx06/xsql/internal/config/load.go:47.19,50.3 2 1
github.com/zx06/xsql/internal/config/load.go:51.2,51.24 1 11
github.com/zx06/xsql/internal/config/load.go:51.24,52.46 1 1
github.com/zx06/xsql/internal/config/load.go:52.46,54.4 1 1
github.com/zx06/xsql/internal/config/load.go:57.2,57.27 1 11
github.com/zx06/xsql/internal/config/load.go:57.27,59.27 2 2
github.com/zx06/xsql/internal/config/load.go:59.27,61.4 1 1
github.com/zx06/xsql/internal/config/load.go:62.3,63.16 2 2
github.com/zx06/xsql/internal/config/load.go:63.16,65.4 1 1
github.com/zx06/xsql/internal/config/load.go:66.3,66.21 1 1
github.com/zx06/xsql/internal/config/load.go:69.2,69.62 1 9
github.com/zx06/xsql/internal/config/load.go:69.62,71.16 2 11
github.com/zx06/xsql/internal/config/load.go:71.16,72.41 1 4
github.com/zx06/xsql/internal/config/load.go:72.41,73.13 1 3
github.com/zx06/xsql/internal/config/load.go:75.4,75.25 1 1
github.com/zx06/xsql/internal/config/load.go:77.3,77.19 1 7
github.com/zx06/xsql/internal/config/load.go:80.2,80.89 1 1
github.com/zx06/xsql/internal/config/resolve.go:11.55,13.19 2 12
github.com/zx06/xsql/internal/config/resolve.go:13.19,16.3 2 0
github.com/zx06/xsql/internal/config/resolve.go:17.2,17.24 1 12
github.com/zx06/xsql/internal/config/resolve.go:17.24,18.46 1 0
github.com/zx06/xsql/internal/config/resolve.go:18.46,20.4 1 0
github.com/zx06/xsql/internal/config/resolve.go:24.2,26.27 3 12
github.com/zx06/xsql/internal/config/resolve.go:26.27,28.27 2 1
github.com/zx06/xsql/internal/config/resolve.go:28.27,30.4 1 1
github.com/zx06/xsql/internal/config/resolve.go:31.3,32.16 2 1
github.com/zx06/xsql/internal/config/resolve.go:32.16,34.4 1 1
github.com/zx06/xsql/internal/config/resolve.go:35.3,36.16 2 0
github.com/zx06/xsql/internal/config/resolve.go:37.8,38.63 1 11
github.com/zx06/xsql/internal/config/resolve.go:38.63,40.17 2 12
github.com/zx06/xsql/internal/config/resolve.go:40.17,41.42 1 2
github.com/zx06/xsql/internal/config/resolve.go:41.42,42.14 1 2
github.com/zx06/xsql/internal/config/resolve.go:44.5,44.26 1 0
github.com/zx06/xsql/internal/config/resolve.go:46.4,48.9 3 10
github.com/zx06/xsql/internal/config/resolve.go:53.2,54.24 2 11
github.com/zx06/xsql/internal/config/resolve.go:54.24,56.3 1 7
github.com/zx06/xsql/internal/config/resolve.go:56.8,56.34 1 4
github.com/zx06/xsql/internal/config/resolve.go:56.34,58.3 1 0
github.com/zx06/xsql/internal/config/resolve.go:58.8,59.43 1 4
github.com/zx06/xsql/internal/config/resolve.go:59.43,61.4 1 3
github.com/zx06/xsql/internal/config/resolve.go:65.2,66.19 2 11
github.com/zx06/xsql/internal/config/resolve.go:66.19,68.10 2 10
github.com/zx06/xsql/internal/config/resolve.go:68.10,71.4 1 1
github.com/zx06/xsql/internal/config/resolve.go:72.3,74.37 2 9
github.com/zx06/xsql/internal/config/resolve.go:74.37,75.65 1 2
github.com/zx06/xsql/internal/config/resolve.go:75.65,77.5 1 1
github.com/zx06/xsql/internal/config/resolve.go:77.10,80.5 1 1
github.com/zx06/xsql/internal/config/resolve.go:83.3,83.32 1 8
github.com/zx06/xsql/internal/config/resolve.go:83.32,84.30 1 7
github.com/zx06/xsql/internal/config/resolve.go:85.17,86.32 1 2
github.com/zx06/xsql/internal/config/resolve.go:87.14,88.32 1 1
github.com/zx06/xsql/internal/config/resolve.go:94.2,95.34 2 9
github.com/zx06/xsql/internal/config/resolve.go:95.34,97.3 1 4
github.com/zx06/xsql/internal/config/resolve.go:98.2,98.26 1 9
github.com/zx06/xsql/internal/config/resolve.go:98.26,100.3 1 2
github.com/zx06/xsql/internal/config/resolve.go:101.2,101.23 1 9
github.com/zx06/xsql/internal/config/resolve.go:101.23,103.3 1 1
github.com/zx06/xsql/internal/config/resolve.go:105.2,105.107 1 9
github.com/zx06/xsql/internal/config/write.go:17.55,18.16 1 3
github.com/zx06/xsql/internal/config/write.go:18.16,20.17 2 1
github.com/zx06/xsql/internal/config/write.go:20.17,22.4 1 0
github.com/zx06/xsql/internal/config/write.go:23.3,23.61 1 1
github.com/zx06/xsql/internal/config/write.go:26.2,26.41 1 3
github.com/zx06/xsql/internal/config/write.go:26.41,28.3 1 1
github.com/zx06/xsql/internal/config/write.go:30.2,31.47 2 2
github.com/zx06/xsql/internal/config/write.go:31.47,33.3 1 0
github.com/zx06/xsql/internal/config/write.go:35.2,55.67 2 2
github.com/zx06/xsql/internal/config/write.go:55.67,57.3 1 0
github.com/zx06/xsql/internal/config/write.go:59.2,59.18 1 2
github.com/zx06/xsql/internal/config/write.go:66.67,67.22 1 30
github.com/zx06/xsql/internal/config/write.go:67.22,69.3 1 1
github.com/zx06/xsql/internal/config/write.go:71.2,72.15 2 29
github.com/zx06/xsql/internal/config/write.go:72.15,73.40 1 0
github.com/zx06/xsql/internal/config/write.go:73.40,79.4 1 0
github.com/zx06/xsql/internal/config/write.go:79.9,81.4 1 0
github.com/zx06/xsql/internal/config/write.go:84.2,85.21 2 29
github.com/zx06/xsql/internal/config/write.go:85.21,88.3 1 1
github.com/zx06/xsql/internal/config/write.go:90.2,92.17 2 28
github.com/zx06/xsql/internal/config/write.go:93.17,94.65 1 17
github.com/zx06/xsql/internal/config/write.go:94.65,96.4 1 3
github.com/zx06/xsql/internal/config/write.go:97.19,98.66 1 10
github.com/zx06/xsql/internal/config/write.go:98.66,100.4 1 2
github.com/zx06/xsql/internal/config/write.go:101.10,103.39 1 1
github.com/zx06/xsql/internal/config/write.go:106.2,106.35 1 22
github.com/zx06/xsql/internal/config/write.go:109.75,112.15 2 17
github.com/zx06/xsql/internal/config/write.go:113.12,114.15 1 1
github.com/zx06/xsql/internal/config/write.go:115.14,116.17 1 2
github.com/zx06/xsql/internal/config/write.go:117.14,119.17 2 2
github.com/zx06/xsql/internal/config/write.go:119.17,121.4 1 1
github.com/zx06/xsql/internal/config/write.go:122.3,122.16 1 1
github.com/zx06/xsql/internal/config/write.go:123.20,125.17 2 2
github.com/zx06/xsql/internal/config/write.go:125.17,127.4 1 1
github.com/zx06/xsql/internal/config/write.go:128.3,128.21 1 1
github.com/zx06/xsql/internal/config/write.go:129.14,130.17 1 1
github.com/zx06/xsql/internal/config/write.go:131.18,132.21 1 1
github.com/zx06/xsql/internal/config/write.go:133.18,134.21 1 1
github.com/zx06/xsql/internal/config/write.go:135.13,136.16 1 1
github.com/zx06/xsql/internal/config/write.go:137.21,138.24 1 1
github.com/zx06/xsql/internal/config/write.go:139.16,140.19 1 1
github.com/zx06/xsql/internal/config/write.go:141.19,142.21 1 1
github.com/zx06/xsql/internal/config/write.go:143.28,144.40 1 1
github.com/zx06/xsql/internal/config/write.go:145.25,146.38 1 1
github.com/zx06/xsql/internal/config/write.go:147.10,149.35 1 1
github.com/zx06/xsql/internal/config/write.go:152.2,153.12 2 14
github.com/zx06/xsql/internal/config/write.go:156.76,159.15 2 10
github.com/zx06/xsql/internal/config/write.go:160.14,161.18 1 2
github.com/zx06/xsql/internal/config/write.go:162.14,164.17 2 2
github.com/zx06/xsql/internal/config/write.go:164.17,166.4 1 1
github.com/zx06/xsql/internal/config/write.go:167.3,167.17 1 1
github.com/zx06/xsql/internal/config/write.go:168.14,169.18 1 1
github.com/zx06/xsql/internal/config/write.go:170.23,171.26 1 1
github.com/zx06/xsql/internal/config/write.go:172.20,173.24 1 1
github.com/zx06/xsql/internal/config/write.go:174.26,175.28 1 1
github.com/zx06/xsql/internal/config/write.go:176.23,177.36 1 1
github.com/zx06/xsql/internal/config/write.go:178.10,180.35 1 1
github.com/zx06/xsql/internal/config/write.go:183.2,184.12 2 8
github.com/zx06/xsql/internal/config/write.go:187.54,189.16 2 22
github.com/zx06/xsql/internal/config/write.go:189.16,191.3 1 0
github.com/zx06/xsql/internal/config/write.go:193.2,193.52 1 22
github.com/zx06/xsql/internal/config/write.go:193.52,195.3 1 0
github.com/zx06/xsql/internal/config/write.go:197.2,197.12 1 22
github.com/zx06/xsql/internal/config/write.go:200.31,203.2 2 13
github.com/zx06/xsql/internal/config/write.go:206.42,207.27 1 3
github.com/zx06/xsql/internal/config/write.go:207.27,209.3 1 1
github.com/zx06/xsql/internal/config/write.go:211.2,212.19 2 2
github.com/zx06/xsql/internal/config/write.go:212.19,215.3 2 0
github.com/zx06/xsql/internal/config/write.go:216.2,217.19 2 2
github.com/zx06/xsql/internal/config/write.go:217.19,218.46 1 1
github.com/zx06/xsql/internal/config/write.go:218.46,220.4 1 1
github.com/zx06/xsql/internal/config/write.go:223.2,223.57 1 2
github.com/zx06/xsql/internal/config/write.go:223.57,224.39 1 3
github.com/zx06/xsql/internal/config/write.go:224.39,226.4 1 1
github.com/zx06/xsql/internal/config/write.go:230.2,230.19 1 1
github.com/zx06/xsql/internal/config/write.go:230.19,232.3 1 1
github.com/zx06/xsql/internal/config/write.go:233.2,233.11 1 0
github.com/zx06/xsql/internal/errors/codes.go:34.24,50.2 1 1
github.com/zx06/xsql/internal/errors/error.go:16.33,17.14 1 3
github.com/zx06/xsql/internal/errors/error.go:17.14,19.3 1 1
github.com/zx06/xsql/internal/errors/error.go:20.2,20.20 1 2
github.com/zx06/xsql/internal/errors/error.go:20.20,22.3 1 1
github.com/zx06/xsql/internal/errors/error.go:23.2,23.62 1 1
github.com/zx06/xsql/internal/errors/error.go:26.33,26.51 1 2
github.com/zx06/xsql/internal/errors/error.go:28.69,30.2 1 4
github.com/zx06/xsql/internal/errors/error.go:32.83,34.2 1 2
github.com/zx06/xsql/internal/errors/error.go:36.36,38.28 2 3
github.com/zx06/xsql/internal/errors/error.go:38.28,40.3 1 2
github.com/zx06/xsql/internal/errors/error.go:41.2,41.19 1 1
github.com/zx06/xsql/internal/errors/error.go:44.34,45.27 1 0
github.com/zx06/xsql/internal/errors/error.go:45.27,47.3 1 0
github.com/zx06/xsql/internal/errors/error.go:48.2,48.50 1 0
github.com/zx06/xsql/internal/errors/exitcode.go:25.38,26.14 1 14
github.com/zx06/xsql/internal/errors/exitcode.go:27.59,28.20 1 3
github.com/zx06/xsql/internal/errors/exitcode.go:30.66,31.21 1 6
github.com/zx06/xsql/internal/errors/exitcode.go:32.21,33.22 1 1
github.com/zx06/xsql/internal/errors/exitcode.go:34.21,35.22 1 1
github.com/zx06/xsql/internal/errors/exitcode.go:36.24,37.20 1 1
github.com/zx06/xsql/internal/errors/exitcode.go:38.20,39.14 1 1
github.com/zx06/xsql/internal/errors/exitcode.go:40.10,41.22 1 2
github.com/zx06/xsql/internal/output/format.go:13.29,14.11 1 7
github.com/zx06/xsql/internal/output/format.go:15.66,16.14 1 5
github.com/zx06/xsql/internal/output/format.go:17.10,18.15 1 2
github.com/zx06/xsql/internal/output/writer.go:23.37,25.2 1 25
github.com/zx06/xsql/internal/output/writer.go:27.56,29.2 1 21
github.com/zx06/xsql/internal/output/writer.go:31.68,34.2 2 4
github.com/zx06/xsql/internal/output/writer.go:36.58,37.16 1 25
github.com/zx06/xsql/internal/output/writer.go:38.18,41.25 3 3
github.com/zx06/xsql/internal/output/writer.go:42.18,44.17 2 2
github.com/zx06/xsql/internal/output/writer.go:44.17,46.4 1 0
github.com/zx06/xsql/internal/output/writer.go:47.3,48.17 2 2
github.com/zx06/xsql/internal/output/writer.go:48.17,50.4 1 0
github.com/zx06/xsql/internal/output/writer.go:51.3,51.41 1 2
github.com/zx06/xsql/internal/output/writer.go:51.41,53.4 1 0
github.com/zx06/xsql/internal/output/writer.go:54.3,54.13 1 2
github.com/zx06/xsql/internal/output/writer.go:55.19,56.32 1 14
github.com/zx06/xsql/internal/output/writer.go:57.17,58.30 1 5
github.com/zx06/xsql/internal/output/writer.go:59.10,60.110 1 1
github.com/zx06/xsql/internal/output/writer.go:87.52,88.13 1 15
github.com/zx06/xsql/internal/output/writer.go:88.13,90.23 1 2
github.com/zx06/xsql/internal/output/writer.go:90.23,92.4 1 1
github.com/zx06/xsql/internal/output/writer.go:93.3,93.13 1 2
github.com/zx06/xsql/internal/output/writer.go:97.2,97.52 1 13
github.com/zx06/xsql/internal/output/writer.go:97.52,98.52 1 1
github.com/zx06/xsql/internal/output/writer.go:98.52,100.4 1 1
github.com/zx06/xsql/internal/output/writer.go:104.2,104.58 1 12
github.com/zx06/xsql/internal/output/writer.go:104.58,105.65 1 0
github.com/zx06/xsql/internal/output/writer.go:105.65,107.4 1 0
github.com/zx06/xsql/internal/output/writer.go:111.2,111.53 1 12
github.com/zx06/xsql/internal/output/writer.go:111.53,112.59 1 2
github.com/zx06/xsql/internal/output/writer.go:112.59,114.4 1 2
github.com/zx06/xsql/internal/output/writer.go:118.2,118.44 1 10
github.com/zx06/xsql/internal/output/writer.go:118.44,120.55 1 8
github.com/zx06/xsql/internal/output/writer.go:120.55,121.50 1 3
github.com/zx06/xsql/internal/output/writer.go:121.50,123.5 1 3
github.com/zx06/xsql/internal/output/writer.go:127.3,127.61 1 5
github.com/zx06/xsql/internal/output/writer.go:127.61,128.60 1 3
github.com/zx06/xsql/internal/output/writer.go:128.60,131.5 2 3
github.com/zx06/xsql/internal/output/writer.go:135.3,136.38 2 2
github.com/zx06/xsql/internal/output/writer.go:136.38,138.4 1 3
github.com/zx06/xsql/internal/output/writer.go:139.3,139.20 1 2
github.com/zx06/xsql/internal/output/writer.go:143.2,143.57 1 2
github.com/zx06/xsql/internal/output/writer.go:143.57,145.3 1 0
github.com/zx06/xsql/internal/output/writer.go:148.2,149.21 2 2
github.com/zx06/xsql/internal/output/writer.go:149.21,150.45 1 1
github.com/zx06/xsql/internal/output/writer.go:150.45,151.39 1 0
github.com/zx06/xsql/internal/output/writer.go:151.39,153.5 1 0
github.com/zx06/xsql/internal/output/writer.go:154.9,158.4 2 1
github.com/zx06/xsql/internal/output/writer.go:160.2,160.19 1 2
github.com/zx06/xsql/internal/output/writer.go:164.93,167.19 2 3
github.com/zx06/xsql/internal/output/writer.go:167.19,169.3 1 3
github.com/zx06/xsql/internal/output/writer.go:171.2,173.29 3 3
github.com/zx06/xsql/internal/output/writer.go:173.29,175.3 1 4
github.com/zx06/xsql/internal/output/writer.go:177.2,178.24 2 3
github.com/zx06/xsql/internal/output/writer.go:178.24,180.3 1 2
github.com/zx06/xsql/internal/output/writer.go:181.2,182.19 2 3
github.com/zx06/xsql/internal/output/writer.go:186.49,187.14 1 18
github.com/zx06/xsql/internal/output/writer.go:187.14,189.3 1 8
github.com/zx06/xsql/internal/output/writer.go:191.2,191.32 1 10
github.com/zx06/xsql/internal/output/writer.go:191.32,193.3 1 7
github.com/zx06/xsql/internal/output/writer.go:195.2,195.30 1 3
github.com/zx06/xsql/internal/output/writer.go:195.30,197.28 2 2
github.com/zx06/xsql/internal/output/writer.go:197.28,199.11 2 5
github.com/zx06/xsql/internal/output/writer.go:199.11,201.5 1 1
github.com/zx06/xsql/internal/output/writer.go:202.4,202.17 1 4
github.com/zx06/xsql/internal/output/writer.go:204.3,204.22 1 1
github.com/zx06/xsql/internal/output/writer.go:206.2,206.19 1 1
github.com/zx06/xsql/internal/output/writer.go:210.54,211.14 1 11
github.com/zx06/xsql/internal/output/writer.go:211.14,213.3 1 1
github.com/zx06/xsql/internal/output/writer.go:214.2,214.41 1 10
github.com/zx06/xsql/internal/output/writer.go:214.41,216.3 1 7
github.com/zx06/xsql/internal/output/writer.go:217.2,217.30 1 3
github.com/zx06/xsql/internal/output/writer.go:217.30,219.28 2 2
github.com/zx06/xsql/internal/output/writer.go:219.28,221.11 2 2
github.com/zx06/xsql/internal/output/writer.go:221.11,223.5 1 1
github.com/zx06/xsql/internal/output/writer.go:224.4,224.17 1 1
github.com/zx06/xsql/internal/output/writer.go:226.3,226.22 1 1
github.com/zx06/xsql/internal/output/writer.go:228.2,228.19 1 1
github.com/zx06/xsql/internal/output/writer.go:238.59,240.45 1 9
github.com/zx06/xsql/internal/output/writer.go:240.45,242.3 1 1
github.com/zx06/xsql/internal/output/writer.go:245.2,245.44 1 8
github.com/zx06/xsql/internal/output/writer.go:245.44,247.25 2 6
github.com/zx06/xsql/internal/output/writer.go:247.25,249.39 2 6
github.com/zx06/xsql/internal/output/writer.go:249.39,251.5 1 5
github.com/zx06/xsql/internal/output/writer.go:252.4,252.46 1 6
github.com/zx06/xsql/internal/output/writer.go:252.46,254.5 1 5
github.com/zx06/xsql/internal/output/writer.go:255.4,255.37 1 6
github.com/zx06/xsql/internal/output/writer.go:255.37,257.5 1 6
github.com/zx06/xsql/internal/output/writer.go:258.4,258.39 1 6
github.com/zx06/xsql/internal/output/writer.go:258.39,260.5 1 5
github.com/zx06/xsql/internal/output/writer.go:261.4,261.20 1 6
github.com/zx06/xsql/internal/output/writer.go:261.20,263.5 1 1
github.com/zx06/xsql/internal/output/writer.go:264.4,264.30 1 5
github.com/zx06/xsql/internal/output/writer.go:266.3,266.33 1 5
github.com/zx06/xsql/internal/output/writer.go:270.2,271.46 2 2
github.com/zx06/xsql/internal/output/writer.go:271.46,273.32 2 2
github.com/zx06/xsql/internal/output/writer.go:273.32,276.34 2 2
github.com/zx06/xsql/internal/output/writer.go:276.34,278.5 1 0
github.com/zx06/xsql/internal/output/writer.go:280.4,280.37 1 2
github.com/zx06/xsql/internal/output/writer.go:280.37,282.5 1 0
github.com/zx06/xsql/internal/output/writer.go:283.4,285.80 2 2
github.com/zx06/xsql/internal/output/writer.go:285.80,287.5 1 1
github.com/zx06/xsql/internal/output/writer.go:288.4,288.87 1 2
github.com/zx06/xsql/internal/output/writer.go:288.87,290.5 1 2
github.com/zx06/xsql/internal/output/writer.go:291.4,291.78 1 2
github.com/zx06/xsql/internal/output/writer.go:291.78,293.5 1 2
github.com/zx06/xsql/internal/output/writer.go:294.4,294.80 1 2
github.com/zx06/xsql/internal/output/writer.go:294.80,296.5 1 2
github.com/zx06/xsql/internal/output/writer.go:297.4,297.20 1 2
github.com/zx06/xsql/internal/output/writer.go:297.20,299.5 1 1
github.com/zx06/xsql/internal/output/writer.go:300.4,300.30 1 1
github.com/zx06/xsql/internal/output/writer.go:302.3,302.33 1 1
github.com/zx06/xsql/internal/output/writer.go:306.2,307.9 2 0
github.com/zx06/xsql/internal/output/writer.go:307.9,309.3 1 0
github.com/zx06/xsql/internal/output/writer.go:311.2,312.27 2 0
github.com/zx06/xsql/internal/output/writer.go:312.27,314.10 2 0
github.com/zx06/xsql/internal/output/writer.go:314.10,316.4 1 0
github.com/zx06/xsql/internal/output/writer.go:317.3,318.38 2 0
github.com/zx06/xsql/internal/output/writer.go:318.38,320.4 1 0
github.com/zx06/xsql/internal/output/writer.go:321.3,321.45 1 0
github.com/zx06/xsql/internal/output/writer.go:321.45,323.4 1 0
github.com/zx06/xsql/internal/output/writer.go:324.3,324.36 1 0
github.com/zx06/xsql/internal/output/writer.go:324.36,326.4 1 0
github.com/zx06/xsql/internal/output/writer.go:327.3,327.38 1 0
github.com/zx06/xsql/internal/output/writer.go:327.38,329.4 1 0
github.com/zx06/xsql/internal/output/writer.go:330.3,330.19 1 0
github.com/zx06/xsql/internal/output/writer.go:330.19,332.4 1 0
github.com/zx06/xsql/internal/output/writer.go:333.3,333.29 1 0
github.com/zx06/xsql/internal/output/writer.go:335.2,335.32 1 0
github.com/zx06/xsql/internal/output/writer.go:344.65,345.17 1 13
github.com/zx06/xsql/internal/output/writer.go:345.17,347.3 1 2
github.com/zx06/xsql/internal/output/writer.go:349.2,350.29 2 11
github.com/zx06/xsql/internal/output/writer.go:350.29,352.3 1 1
github.com/zx06/xsql/internal/output/writer.go:353.2,353.32 1 11
github.com/zx06/xsql/internal/output/writer.go:353.32,355.3 1 5
github.com/zx06/xsql/internal/output/writer.go:358.2,360.36 3 6
github.com/zx06/xsql/internal/output/writer.go:360.36,362.57 2 10
github.com/zx06/xsql/internal/output/writer.go:362.57,364.4 1 4
github.com/zx06/xsql/internal/output/writer.go:365.3,365.51 1 10
github.com/zx06/xsql/internal/output/writer.go:365.51,367.4 1 5
github.com/zx06/xsql/internal/output/writer.go:370.2,370.50 1 6
github.com/zx06/xsql/internal/output/writer.go:370.50,372.3 1 2
github.com/zx06/xsql/internal/output/writer.go:375.2,375.39 1 4
github.com/zx06/xsql/internal/output/writer.go:375.39,377.3 1 0
github.com/zx06/xsql/internal/output/writer.go:378.2,379.39 2 4
github.com/zx06/xsql/internal/output/writer.go:379.39,381.36 2 5
github.com/zx06/xsql/internal/output/writer.go:381.36,383.4 1 4
github.com/zx06/xsql/internal/output/writer.go:383.9,383.46 1 1
github.com/zx06/xsql/internal/output/writer.go:383.46,385.11 2 1
github.com/zx06/xsql/internal/output/writer.go:385.11,387.5 1 1
github.com/zx06/xsql/internal/output/writer.go:388.4,388.15 1 0
github.com/zx06/xsql/internal/output/writer.go:389.9,391.4 1 0
github.com/zx06/xsql/internal/output/writer.go:395.2,395.39 1 3
github.com/zx06/xsql/internal/output/writer.go:395.39,397.3 1 0
github.com/zx06/xsql/internal/output/writer.go:398.2,399.39 2 3
github.com/zx06/xsql/internal/output/writer.go:399.39,401.33 2 3
github.com/zx06/xsql/internal/output/writer.go:401.33,403.39 2 3
github.com/zx06/xsql/internal/output/writer.go:403.39,406.12 3 4
github.com/zx06/xsql/internal/output/writer.go:406.12,408.6 1 1
github.com/zx06/xsql/internal/output/writer.go:409.5,409.29 1 3
github.com/zx06/xsql/internal/output/writer.go:411.4,411.17 1 2
github.com/zx06/xsql/internal/output/writer.go:412.9,412.46 1 0
github.com/zx06/xsql/internal/output/writer.go:412.46,414.11 2 0
github.com/zx06/xsql/internal/output/writer.go:414.11,416.5 1 0
github.com/zx06/xsql/internal/output/writer.go:417.4,417.17 1 0
github.com/zx06/xsql/internal/output/writer.go:418.9,420.4 1 0
github.com/zx06/xsql/internal/output/writer.go:423.2,423.58 1 2
github.com/zx06/xsql/internal/output/writer.go:426.87,434.25 4 4
github.com/zx06/xsql/internal/output/writer.go:434.25,436.3 1 7
github.com/zx06/xsql/internal/output/writer.go:437.2,440.27 2 4
github.com/zx06/xsql/internal/output/writer.go:440.27,442.26 2 4
github.com/zx06/xsql/internal/output/writer.go:442.26,444.4 1 7
github.com/zx06/xsql/internal/output/writer.go:445.3,445.52 1 4
github.com/zx06/xsql/internal/output/writer.go:449.2,451.19 2 4
github.com/zx06/xsql/internal/output/writer.go:454.54,455.14 1 14
github.com/zx06/xsql/internal/output/writer.go:455.14,457.3 1 3
github.com/zx06/xsql/internal/output/writer.go:458.2,458.25 1 11
github.com/zx06/xsql/internal/output/writer.go:459.14,460.13 1 3
github.com/zx06/xsql/internal/output/writer.go:461.15,463.33 1 2
github.com/zx06/xsql/internal/output/writer.go:463.33,465.4 1 1
github.com/zx06/xsql/internal/output/writer.go:466.3,466.32 1 1
github.com/zx06/xsql/internal/output/writer.go:467.10,468.32 1 6
github.com/zx06/xsql/internal/output/writer.go:472.50,476.13 3 6
github.com/zx06/xsql/internal/output/writer.go:476.13,478.23 1 2
github.com/zx06/xsql/internal/output/writer.go:478.23,480.4 1 1
github.com/zx06/xsql/internal/output/writer.go:481.3,481.20 1 2
github.com/zx06/xsql/internal/output/writer.go:485.2,490.70 4 4
github.com/zx06/xsql/internal/output/writer.go:490.70,492.3 1 0
github.com/zx06/xsql/internal/output/writer.go:495.2,495.13 1 4
github.com/zx06/xsql/internal/output/writer.go:495.13,496.60 1 4
github.com/zx06/xsql/internal/output/writer.go:496.60,500.4 3 0
github.com/zx06/xsql/internal/output/writer.go:504.2,504.13 1 4
github.com/zx06/xsql/internal/output/writer.go:504.13,505.47 1 4
github.com/zx06/xsql/internal/output/writer.go:505.47,508.11 3 4
github.com/zx06/xsql/internal/output/writer.go:508.11,510.5 1 2
github.com/zx06/xsql/internal/output/writer.go:514.2,514.12 1 4
github.com/zx06/xsql/internal/output/writer.go:514.12,518.28 2 2
github.com/zx06/xsql/internal/output/writer.go:518.28,520.27 2 2
github.com/zx06/xsql/internal/output/writer.go:520.27,522.5 1 4
github.com/zx06/xsql/internal/output/writer.go:523.4,523.22 1 2
github.com/zx06/xsql/internal/output/writer.go:525.3,525.20 1 2
github.com/zx06/xsql/internal/output/writer.go:529.2,529.44 1 2
github.com/zx06/xsql/internal/output/writer.go:529.44,530.38 1 2
github.com/zx06/xsql/internal/output/writer.go:530.38,532.4 1 4
github.com/zx06/xsql/internal/output/writer.go:534.2,534.19 1 2
github.com/zx06/xsql/internal/output/writer.go:537.47,539.19 2 4
github.com/zx06/xsql/internal/output/writer.go:539.19,541.3 1 7
github.com/zx06/xsql/internal/output/writer.go:542.2,543.13 2 4
github.com/zx06/xsql/internal/output/writer.go:547.83,549.20 1 2
github.com/zx06/xsql/internal/output/writer.go:549.20,551.3 1 2
github.com/zx06/xsql/internal/output/writer.go:554.2,554.31 1 2
github.com/zx06/xsql/internal/output/writer.go:554.31,555.12 1 2
github.com/zx06/xsql/internal/output/writer.go:555.12,557.4 1 0
github.com/zx06/xsql/internal/output/writer.go:560.3,561.53 2 2
github.com/zx06/xsql/internal/output/writer.go:561.53,563.4 1 1
github.com/zx06/xsql/internal/output/writer.go:564.3,564.26 1 2
github.com/zx06/xsql/internal/output/writer.go:564.26,566.4 1 1
github.com/zx06/xsql/internal/output/writer.go:567.3,570.29 2 2
github.com/zx06/xsql/internal/output/writer.go:570.29,575.38 5 1
github.com/zx06/xsql/internal/output/writer.go:575.38,577.25 2 2
github.com/zx06/xsql/internal/output/writer.go:577.25,579.6 1 2
github.com/zx06/xsql/internal/output/writer.go:580.5,581.22 2 2
github.com/zx06/xsql/internal/output/writer.go:581.22,583.6 1 2
github.com/zx06/xsql/internal/output/writer.go:584.5,585.23 2 2
github.com/zx06/xsql/internal/output/writer.go:585.23,587.6 1 1
github.com/zx06/xsql/internal/output/writer.go:588.5,589.64 1 2
github.com/zx06/xsql/internal/output/writer.go:591.4,591.18 1 1
github.com/zx06/xsql/internal/output/writer.go:596.2,597.22 2 2
github.com/zx06/xsql/internal/output/writer.go:597.22,599.3 1 2
github.com/zx06/xsql/internal/output/writer.go:600.2,601.12 2 2
github.com/zx06/xsql/internal/proxy/proxy.go:47.81,48.26 1 10
github.com/zx06/xsql/internal/proxy/proxy.go:48.26,50.3 1 1
github.com/zx06/xsql/internal/proxy/proxy.go:51.2,51.24 1 10
github.com/zx06/xsql/internal/proxy/proxy.go:51.24,53.3 1 2
github.com/zx06/xsql/internal/proxy/proxy.go:56.2,58.16 3 8
github.com/zx06/xsql/internal/proxy/proxy.go:58.16,60.23 1 2
github.com/zx06/xsql/internal/proxy/proxy.go:60.23,63.4 1 2
github.com/zx06/xsql/internal/proxy/proxy.go:64.3,64.124 1 0
github.com/zx06/xsql/internal/proxy/proxy.go:67.2,93.23 9 6
github.com/zx06/xsql/internal/proxy/proxy.go:97.70,102.6 3 6
github.com/zx06/xsql/internal/proxy/proxy.go:102.6,103.10 1 7
github.com/zx06/xsql/internal/proxy/proxy.go:104.23,105.10 1 4
github.com/zx06/xsql/internal/proxy/proxy.go:106.11,108.18 2 3
github.com/zx06/xsql/internal/proxy/proxy.go:108.18,110.12 1 2
github.com/zx06/xsql/internal/proxy/proxy.go:111.25,112.12 1 2
github.com/zx06/xsql/internal/proxy/proxy.go:113.13,115.14 1 0
github.com/zx06/xsql/internal/proxy/proxy.go:119.4,120.48 2 1
github.com/zx06/xsql/internal/proxy/proxy.go:126.73,128.15 2 2
github.com/zx06/xsql/internal/proxy/proxy.go:128.15,129.23 1 2
github.com/zx06/xsql/internal/proxy/proxy.go:129.23,131.4 1 2
github.com/zx06/xsql/internal/proxy/proxy.go:135.2,136.16 2 2
github.com/zx06/xsql/internal/proxy/proxy.go:136.16,139.3 2 0
github.com/zx06/xsql/internal/proxy/proxy.go:140.2,140.23 1 2
github.com/zx06/xsql/internal/proxy/proxy.go:140.23,143.3 2 1
github.com/zx06/xsql/internal/proxy/proxy.go:144.2,144.23 1 1
github.com/zx06/xsql/internal/proxy/proxy.go:144.23,145.16 1 1
github.com/zx06/xsql/internal/proxy/proxy.go:145.16,146.55 1 1
github.com/zx06/xsql/internal/proxy/proxy.go:146.55,148.5 1 0
github.com/zx06/xsql/internal/proxy/proxy.go:153.2,156.12 3 1
github.com/zx06/xsql/internal/proxy/proxy.go:156.12,159.3 2 1
github.com/zx06/xsql/internal/proxy/proxy.go:161.2,161.12 1 1
github.com/zx06/xsql/internal/proxy/proxy.go:161.12,164.3 2 1
github.com/zx06/xsql/internal/proxy/proxy.go:167.2,168.12 2 1
github.com/zx06/xsql/internal/proxy/proxy.go:168.12,171.3 2 1
github.com/zx06/xsql/internal/proxy/proxy.go:173.2,173.9 1 1
github.com/zx06/xsql/internal/proxy/proxy.go:174.14,174.14 0 0
github.com/zx06/xsql/internal/proxy/proxy.go:175.22,175.22 0 1
github.com/zx06/xsql/internal/proxy/proxy.go:180.30,183.23 3 7
github.com/zx06/xsql/internal/proxy/proxy.go:183.23,185.3 1 6
github.com/zx06/xsql/internal/proxy/proxy.go:185.8,187.3 1 1
github.com/zx06/xsql/internal/proxy/proxy.go:188.2,189.12 2 7
github.com/zx06/xsql/internal/proxy/proxy.go:193.39,194.23 1 2
github.com/zx06/xsql/internal/proxy/proxy.go:194.23,196.3 1 1
github.com/zx06/xsql/internal/proxy/proxy.go:197.2,197.11 1 1
github.com/zx06/xsql/internal/proxy/proxy.go:201.50,202.16 1 3
github.com/zx06/xsql/internal/proxy/proxy.go:202.16,204.3 1 1
github.com/zx06/xsql/internal/proxy/proxy.go:205.2,207.16 3 3
github.com/zx06/xsql/internal/proxy/proxy.go:207.16,209.3 1 2
github.com/zx06/xsql/internal/proxy/proxy.go:210.2,211.13 2 1
github.com/zx06/xsql/internal/proxy/proxy.go:215.34,216.16 1 8
github.com/zx06/xsql/internal/proxy/proxy.go:216.16,218.3 1 2
github.com/zx06/xsql/internal/proxy/proxy.go:219.2,221.55 2 6
github.com/zx06/xsql/internal/proxy/proxy.go:224.35,226.2 1 10
github.com/zx06/xsql/internal/proxy/proxy.go:228.41,229.40 1 10
github.com/zx06/xsql/internal/proxy/proxy.go:229.40,230.29 1 358
github.com/zx06/xsql/internal/proxy/proxy.go:230.29,232.4 1 5
github.com/zx06/xsql/internal/proxy/proxy.go:234.2,234.14 1 5
github.com/zx06/xsql/internal/log/log.go:10.36,13.2 2 2
github.com/zx06/xsql/cmd/xsql/config.go:12.56,22.2 4 2
github.com/zx06/xsql/cmd/xsql/config.go:25.60,31.55 2 4
github.com/zx06/xsql/cmd/xsql/config.go:31.55,33.18 2 2
github.com/zx06/xsql/cmd/xsql/config.go:33.18,35.5 1 0
github.com/zx06/xsql/cmd/xsql/config.go:37.4,38.17 2 2
github.com/zx06/xsql/cmd/xsql/config.go:38.17,40.5 1 1
github.com/zx06/xsql/cmd/xsql/config.go:42.4,44.6 1 1
github.com/zx06/xsql/cmd/xsql/config.go:48.2,50.12 2 4
github.com/zx06/xsql/cmd/xsql/config.go:54.59,59.55 1 5
github.com/zx06/xsql/cmd/xsql/config.go:59.55,63.18 3 3
github.com/zx06/xsql/cmd/xsql/config.go:63.18,65.5 1 0
github.com/zx06/xsql/cmd/xsql/config.go:67.4,70.21 2 3
github.com/zx06/xsql/cmd/xsql/config.go:70.21,72.5 1 0
github.com/zx06/xsql/cmd/xsql/config.go:74.4,74.67 1 3
github.com/zx06/xsql/cmd/xsql/config.go:74.67,76.5 1 2
github.com/zx06/xsql/cmd/xsql/config.go:78.4,82.6 1 1
github.com/zx06/xsql/cmd/xsql/helpers.go:13.57,15.24 2 26
github.com/zx06/xsql/cmd/xsql/helpers.go:15.24,17.3 1 4
github.com/zx06/xsql/cmd/xsql/helpers.go:18.2,18.28 1 22
github.com/zx06/xsql/cmd/xsql/helpers.go:22.52,24.24 2 2
github.com/zx06/xsql/cmd/xsql/helpers.go:24.24,26.3 1 2
github.com/zx06/xsql/cmd/xsql/helpers.go:27.2,27.23 1 2
github.com/zx06/xsql/cmd/xsql/helpers.go:31.49,32.28 1 24
github.com/zx06/xsql/cmd/xsql/helpers.go:32.28,34.3 1 21
github.com/zx06/xsql/cmd/xsql/helpers.go:35.2,35.42 1 3
github.com/zx06/xsql/cmd/xsql/helpers.go:35.42,37.3 1 0
github.com/zx06/xsql/cmd/xsql/helpers.go:38.2,38.26 1 3
github.com/zx06/xsql/cmd/xsql/helpers.go:42.45,43.34 1 3
github.com/zx06/xsql/cmd/xsql/helpers.go:43.34,45.3 1 2
github.com/zx06/xsql/cmd/xsql/helpers.go:47.2,47.64 1 1
github.com/zx06/xsql/cmd/xsql/main.go:11.13,14.2 2 0
github.com/zx06/xsql/cmd/xsql/main.go:17.16,36.39 12 2
github.com/zx06/xsql/cmd/xsql/main.go:36.39,41.3 4 1
github.com/zx06/xsql/cmd/xsql/main.go:43.2,43.27 1 1
github.com/zx06/xsql/cmd/xsql/mcp.go:18.37,27.2 3 2
github.com/zx06/xsql/cmd/xsql/mcp.go:30.43,35.55 2 3
github.com/zx06/xsql/cmd/xsql/mcp.go:35.55,40.4 4 1
github.com/zx06/xsql/cmd/xsql/mcp.go:42.2,45.12 4 3
github.com/zx06/xsql/cmd/xsql/mcp.go:49.49,54.15 2 2
github.com/zx06/xsql/cmd/xsql/mcp.go:54.15,56.3 1 2
github.com/zx06/xsql/cmd/xsql/mcp.go:59.2,60.16 2 0
github.com/zx06/xsql/cmd/xsql/mcp.go:60.16,62.41 1 0
github.com/zx06/xsql/cmd/xsql/mcp.go:62.41,64.4 1 0
github.com/zx06/xsql/cmd/xsql/mcp.go:65.3,65.83 1 0
github.com/zx06/xsql/cmd/xsql/mcp.go:68.2,69.15 2 0
github.com/zx06/xsql/cmd/xsql/mcp.go:69.15,71.3 1 0
github.com/zx06/xsql/cmd/xsql/mcp.go:73.2,73.28 1 0
github.com/zx06/xsql/cmd/xsql/mcp.go:74.30,76.48 2 0
github.com/zx06/xsql/cmd/xsql/mcp.go:77.39,79.17 2 0
github.com/zx06/xsql/cmd/xsql/mcp.go:79.17,80.42 1 0
github.com/zx06/xsql/cmd/xsql/mcp.go:80.42,82.5 1 0
github.com/zx06/xsql/cmd/xsql/mcp.go:83.4,83.97 1 0
github.com/zx06/xsql/cmd/xsql/mcp.go:85.3,89.37 2 0
github.com/zx06/xsql/cmd/xsql/mcp.go:90.10,91.121 1 0
github.com/zx06/xsql/cmd/xsql/mcp.go:110.107,111.17 1 8
github.com/zx06/xsql/cmd/xsql/mcp.go:111.17,113.3 1 1
github.com/zx06/xsql/cmd/xsql/mcp.go:115.2,120.21 2 8
github.com/zx06/xsql/cmd/xsql/mcp.go:120.21,122.3 1 1
github.com/zx06/xsql/cmd/xsql/mcp.go:123.2,123.89 1 8
github.com/zx06/xsql/cmd/xsql/mcp.go:123.89,125.3 1 1
github.com/zx06/xsql/cmd/xsql/mcp.go:127.2,132.20 2 7
github.com/zx06/xsql/cmd/xsql/mcp.go:132.20,134.3 1 5
github.com/zx06/xsql/cmd/xsql/mcp.go:136.2,140.53 2 7
github.com/zx06/xsql/cmd/xsql/mcp.go:140.53,144.16 2 2
github.com/zx06/xsql/cmd/xsql/mcp.go:144.16,146.4 1 1
github.com/zx06/xsql/cmd/xsql/mcp.go:147.3,147.26 1 1
github.com/zx06/xsql/cmd/xsql/mcp.go:150.2,150.69 1 6
github.com/zx06/xsql/cmd/xsql/mcp.go:150.69,152.3 1 2
github.com/zx06/xsql/cmd/xsql/mcp.go:154.2,158.8 1 4
github.com/zx06/xsql/cmd/xsql/mcp.go:161.48,162.10 1 24
github.com/zx06/xsql/cmd/xsql/mcp.go:162.10,164.3 1 20
github.com/zx06/xsql/cmd/xsql/mcp.go:165.2,165.14 1 4
github.com/zx06/xsql/cmd/xsql/mcp.go:168.45,169.31 1 24
github.com/zx06/xsql/cmd/xsql/mcp.go:169.31,170.18 1 57
github.com/zx06/xsql/cmd/xsql/mcp.go:170.18,172.4 1 12
github.com/zx06/xsql/cmd/xsql/mcp.go:174.2,174.11 1 12
github.com/zx06/xsql/cmd/xsql/profile.go:12.57,22.2 4 2
github.com/zx06/xsql/cmd/xsql/profile.go:25.61,29.55 1 3
github.com/zx06/xsql/cmd/xsql/profile.go:29.55,31.18 2 1
github.com/zx06/xsql/cmd/xsql/profile.go:31.18,33.5 1 0
github.com/zx06/xsql/cmd/xsql/profile.go:35.4,38.17 2 1
github.com/zx06/xsql/cmd/xsql/profile.go:38.17,40.5 1 0
github.com/zx06/xsql/cmd/xsql/profile.go:42.4,50.38 3 1
github.com/zx06/xsql/cmd/xsql/profile.go:50.38,52.27 2 2
github.com/zx06/xsql/cmd/xsql/profile.go:52.27,54.6 1 1
github.com/zx06/xsql/cmd/xsql/profile.go:55.5,60.7 1 2
github.com/zx06/xsql/cmd/xsql/profile.go:63.4,68.36 2 1
github.com/zx06/xsql/cmd/xsql/profile.go:74.61,79.55 1 4
github.com/zx06/xsql/cmd/xsql/profile.go:79.55,82.18 3 2
github.com/zx06/xsql/cmd/xsql/profile.go:82.18,84.5 1 0
github.com/zx06/xsql/cmd/xsql/profile.go:86.4,89.17 2 2
github.com/zx06/xsql/cmd/xsql/profile.go:89.17,91.5 1 0
github.com/zx06/xsql/cmd/xsql/profile.go:93.4,94.11 2 2
github.com/zx06/xsql/cmd/xsql/profile.go:94.11,96.5 1 1
github.com/zx06/xsql/cmd/xsql/profile.go:99.4,112.25 2 1
github.com/zx06/xsql/cmd/xsql/profile.go:112.25,114.5 1 0
github.com/zx06/xsql/cmd/xsql/profile.go:115.4,115.30 1 1
github.com/zx06/xsql/cmd/xsql/profile.go:115.30,117.5 1 1
github.com/zx06/xsql/cmd/xsql/profile.go:118.4,118.30 1 1
github.com/zx06/xsql/cmd/xsql/profile.go:118.30,120.58 2 0
github.com/zx06/xsql/cmd/xsql/profile.go:120.58,124.34 4 0
github.com/zx06/xsql/cmd/xsql/profile.go:124.34,126.7 1 0
github.com/zx06/xsql/cmd/xsql/profile.go:130.4,130.36 1 1
github.com/zx06/xsql/cmd/xsql/proxy.go:31.55,37.55 2 4
github.com/zx06/xsql/cmd/xsql/proxy.go:37.55,39.4 1 0
github.com/zx06/xsql/cmd/xsql/proxy.go:42.2,47.12 5 4
github.com/zx06/xsql/cmd/xsql/proxy.go:53.112,54.53 1 7
github.com/zx06/xsql/cmd/xsql/proxy.go:54.53,56.3 1 1
github.com/zx06/xsql/cmd/xsql/proxy.go:57.2,57.26 1 6
github.com/zx06/xsql/cmd/xsql/proxy.go:57.26,59.3 1 3
github.com/zx06/xsql/cmd/xsql/proxy.go:60.2,60.17 1 3
github.com/zx06/xsql/cmd/xsql/proxy.go:66.70,67.42 1 0
github.com/zx06/xsql/cmd/xsql/proxy.go:67.42,70.3 1 0
github.com/zx06/xsql/cmd/xsql/proxy.go:72.2,81.15 8 0
github.com/zx06/xsql/cmd/xsql/proxy.go:82.15,83.16 1 0
github.com/zx06/xsql/cmd/xsql/proxy.go:84.11,86.33 1 0
github.com/zx06/xsql/cmd/xsql/proxy.go:87.10,89.33 1 0
github.com/zx06/xsql/cmd/xsql/proxy.go:94.78,95.35 1 6
github.com/zx06/xsql/cmd/xsql/proxy.go:95.35,97.3 1 1
github.com/zx06/xsql/cmd/xsql/proxy.go:98.2,100.16 3 5
github.com/zx06/xsql/cmd/xsql/proxy.go:100.16,102.3 1 0
github.com/zx06/xsql/cmd/xsql/proxy.go:104.2,105.16 2 5
github.com/zx06/xsql/cmd/xsql/proxy.go:105.16,107.3 1 1
github.com/zx06/xsql/cmd/xsql/proxy.go:109.2,109.24 1 4
github.com/zx06/xsql/cmd/xsql/proxy.go:109.24,111.3 1 1
github.com/zx06/xsql/cmd/xsql/proxy.go:114.2,117.73 2 3
github.com/zx06/xsql/cmd/xsql/proxy.go:117.73,118.17 1 0
github.com/zx06/xsql/cmd/xsql/proxy.go:118.17,121.17 2 0
github.com/zx06/xsql/cmd/xsql/proxy.go:121.17,123.5 1 0
github.com/zx06/xsql/cmd/xsql/proxy.go:124.4,124.23 1 0
github.com/zx06/xsql/cmd/xsql/proxy.go:129.2,135.15 5 3
github.com/zx06/xsql/cmd/xsql/proxy.go:135.15,137.3 1 3
github.com/zx06/xsql/cmd/xsql/proxy.go:138.2,138.22 1 0
github.com/zx06/xsql/cmd/xsql/proxy.go:138.22,139.16 1 0
github.com/zx06/xsql/cmd/xsql/proxy.go:139.16,140.44 1 0
github.com/zx06/xsql/cmd/xsql/proxy.go:140.44,142.5 1 0
github.com/zx06/xsql/cmd/xsql/proxy.go:146.2,155.15 3 0
github.com/zx06/xsql/cmd/xsql/proxy.go:155.15,157.3 1 0
github.com/zx06/xsql/cmd/xsql/proxy.go:158.2,158.15 1 0
github.com/zx06/xsql/cmd/xsql/proxy.go:158.15,158.32 1 0
github.com/zx06/xsql/cmd/xsql/proxy.go:160.2,160.34 1 0
github.com/zx06/xsql/cmd/xsql/proxy.go:160.34,166.3 5 0
github.com/zx06/xsql/cmd/xsql/proxy.go:166.8,174.3 2 0
github.com/zx06/xsql/cmd/xsql/proxy.go:176.2,182.12 5 0
github.com/zx06/xsql/cmd/xsql/query.go:23.55,30.55 2 2
github.com/zx06/xsql/cmd/xsql/query.go:30.55,32.4 1 0
github.com/zx06/xsql/cmd/xsql/query.go:35.2,39.12 4 2
github.com/zx06/xsql/cmd/xsql/query.go:43.93,46.16 3 4
github.com/zx06/xsql/cmd/xsql/query.go:46.16,48.3 1 1
github.com/zx06/xsql/cmd/xsql/query.go:50.2,51.16 2 3
github.com/zx06/xsql/cmd/xsql/query.go:51.16,53.3 1 1
github.com/zx06/xsql/cmd/xsql/query.go:55.2,63.15 4 2
github.com/zx06/xsql/cmd/xsql/query.go:63.15,65.3 1 2
github.com/zx06/xsql/cmd/xsql/query.go:66.2,66.15 1 0
github.com/zx06/xsql/cmd/xsql/query.go:66.15,66.35 1 0
github.com/zx06/xsql/cmd/xsql/query.go:68.2,73.15 3 0
github.com/zx06/xsql/cmd/xsql/query.go:73.15,75.3 1 0
github.com/zx06/xsql/cmd/xsql/query.go:77.2,77.34 1 0
github.com/zx06/xsql/cmd/xsql/root.go:31.38,36.68 1 2
github.com/zx06/xsql/cmd/xsql/root.go:36.68,41.49 4 2
github.com/zx06/xsql/cmd/xsql/root.go:41.49,43.5 1 0
github.com/zx06/xsql/cmd/xsql/root.go:45.4,56.17 2 2
github.com/zx06/xsql/cmd/xsql/root.go:56.17,58.5 1 0
github.com/zx06/xsql/cmd/xsql/root.go:59.4,62.14 4 2
github.com/zx06/xsql/cmd/xsql/root.go:66.2,70.13 4 2
github.com/zx06/xsql/cmd/xsql/schema.go:24.56,36.2 4 2
github.com/zx06/xsql/cmd/xsql/schema.go:39.80,43.55 1 2
github.com/zx06/xsql/cmd/xsql/schema.go:43.55,45.4 1 0
github.com/zx06/xsql/cmd/xsql/schema.go:48.2,53.12 5 2
github.com/zx06/xsql/cmd/xsql/schema.go:57.99,59.16 2 4
github.com/zx06/xsql/cmd/xsql/schema.go:59.16,61.3 1 1
github.com/zx06/xsql/cmd/xsql/schema.go:63.2,64.16 2 3
github.com/zx06/xsql/cmd/xsql/schema.go:64.16,66.3 1 1
github.com/zx06/xsql/cmd/xsql/schema.go:68.2,76.15 4 2
github.com/zx06/xsql/cmd/xsql/schema.go:76.15,78.3 1 2
github.com/zx06/xsql/cmd/xsql/schema.go:79.2,79.15 1 0
github.com/zx06/xsql/cmd/xsql/schema.go:79.15,79.35 1 0
github.com/zx06/xsql/cmd/xsql/schema.go:81.2,87.15 3 0
github.com/zx06/xsql/cmd/xsql/schema.go:87.15,89.3 1 0
github.com/zx06/xsql/cmd/xsql/schema.go:91.2,91.34 1 0
github.com/zx06/xsql/cmd/xsql/spec.go:11.66,15.55 1 2
github.com/zx06/xsql/cmd/xsql/spec.go:15.55,17.18 2 2
github.com/zx06/xsql/cmd/xsql/spec.go:17.18,19.5 1 1
github.com/zx06/xsql/cmd/xsql/spec.go:20.4,20.43 1 1
github.com/zx06/xsql/cmd/xsql/version.go:11.69,15.55 1 3
github.com/zx06/xsql/cmd/xsql/version.go:15.55,17.18 2 1
github.com/zx06/xsql/cmd/xsql/version.go:17.18,19.5 1 0
github.com/zx06/xsql/cmd/xsql/version.go:20.4,20.45 1 1
